Arguments: 
  C:\Program Files\nodejs\node.exe C:\Users\iHelpBD\AppData\Roaming\npm\node_modules\yarn\bin\yarn.js install

PATH: 
  C:\Users\iHelpBD\bin;C:\Program Files\Git\mingw64\bin;C:\Program Files\Git\usr\local\bin;C:\Program Files\Git\usr\bin;C:\Program Files\Git\usr\bin;C:\Program Files\Git\mingw64\bin;C:\Program Files\Git\usr\bin;C:\Users\iHelpBD\bin;C:\Program Files\Common Files\Oracle\Java\javapath;C:\WINDOWS\system32;C:\WINDOWS;C:\WINDOWS\System32\Wbem;C:\WINDOWS\System32\WindowsPowerShell\v1.0;C:\WINDOWS\System32\OpenSSH;C:\Program Files\Git\cmd;D:\root\laragon\bin\php\php-8.1.10-Win32-vs16-x64;C:\ProgramData\ComposerSetup\bin;C:\Program Files\nodejs;D:\root\src\flutter\bin;C:\Program Files\Java\jdk-20\bin;D:\root\dart\bin;C:\Program Files (x86)\Bitvise SSH Client;C:\Users\iHelpBD\AppData\Local\Yarn\config\global\node_modules\.bin;C:\Users\iHelpBD\AppData\Roaming\Composer\vendor\bin;C:\Users\iHelpBD\AppData\Roaming\npm;D:\root\laragon\bin;D:\root\laragon\bin\apache\httpd-2.4.54-win64-VS16\bin;D:\root\laragon\bin\composer;D:\root\laragon\bin\git\bin;D:\root\laragon\bin\git\cmd;D:\root\laragon\bin\git\mingw64\bin;D:\root\laragon\bin\git\usr\bin;D:\root\laragon\bin\laragon\utils;D:\root\laragon\bin\mysql\mysql-8.0.30-winx64\bin;D:\root\laragon\bin\nginx\nginx-1.22.0;D:\root\laragon\bin\ngrok;D:\root\laragon\bin\nodejs\node-v18;D:\root\laragon\bin\notepad++;D:\root\laragon\bin\php\php-8.1.10-Win32-vs16-x64;D:\root\laragon\bin\python\python-3.10;D:\root\laragon\bin\python\python-3.10\Scripts;D:\root\laragon\bin\redis\redis-x64-5.0.14.1;D:\root\laragon\bin\telnet;D:\root\laragon\bin\yarn\bin;D:\root\laragon\usr\bin;C:\Users\iHelpBD\AppData\Local\Microsoft\WindowsApps;C:\Users\iHelpBD\AppData\Local\Programs\Microsoft VS Code\bin;D:\root\src\flutter;D:\root\src\flutter\bin;C:\Program Files\Git\usr\bin\vendor_perl;C:\Program Files\Git\usr\bin\core_perl

Yarn version: 
  1.22.19

Node version: 
  18.12.1

Platform: 
  win32 x64

Trace: 
  Error: ENOSPC: no space left on device, write

npm manifest: 
  {
    "name": "vue-cli",
    "version": "0.1.0",
    "private": true,
    "devDependencies": {
      "@vue/cli-plugin-babel": "~5.0.0",
      "@vue/cli-plugin-eslint": "~5.0.0",
      "@vue/cli-service": "~5.0.0"
    }
  }

yarn manifest: 
  No manifest

Lockfile: 
  No lockfile
